mode: set
github.com/btracey/amosfuzz/amos/amos.go:23.22,24.12 1 1
github.com/btracey/amosfuzz/amos/amos.go:27.2,27.11 1 1
github.com/btracey/amosfuzz/amos/amos.go:24.12,26.3 1 1
github.com/btracey/amosfuzz/amos/amos.go:30.25,31.11 1 1
github.com/btracey/amosfuzz/amos/amos.go:34.2,34.10 1 1
github.com/btracey/amosfuzz/amos/amos.go:31.11,33.3 1 1
github.com/btracey/amosfuzz/amos/amos.go:37.25,38.11 1 1
github.com/btracey/amosfuzz/amos/amos.go:41.2,41.10 1 1
github.com/btracey/amosfuzz/amos/amos.go:38.11,40.3 1 1
github.com/btracey/amosfuzz/amos/amos.go:44.69,213.22 30 1
github.com/btracey/amosfuzz/amos/amos.go:216.2,216.26 1 1
github.com/btracey/amosfuzz/amos/amos.go:219.2,219.15 1 1
github.com/btracey/amosfuzz/amos/amos.go:222.2,225.16 4 1
github.com/btracey/amosfuzz/amos/amos.go:230.2,234.14 5 1
github.com/btracey/amosfuzz/amos/amos.go:237.2,238.17 2 1
github.com/btracey/amosfuzz/amos/amos.go:241.2,260.26 20 1
github.com/btracey/amosfuzz/amos/amos.go:281.1,282.13 1 0
github.com/btracey/amosfuzz/amos/amos.go:285.2,287.15 3 1
github.com/btracey/amosfuzz/amos/amos.go:290.2,306.15 15 1
github.com/btracey/amosfuzz/amos/amos.go:309.2,316.15 6 1
github.com/btracey/amosfuzz/amos/amos.go:319.2,365.13 30 1
github.com/btracey/amosfuzz/amos/amos.go:368.2,369.13 2 1
github.com/btracey/amosfuzz/amos/amos.go:372.2,382.17 9 1
github.com/btracey/amosfuzz/amos/amos.go:385.2,391.17 5 1
github.com/btracey/amosfuzz/amos/amos.go:394.2,394.16 1 1
github.com/btracey/amosfuzz/amos/amos.go:397.2,401.31 4 1
github.com/btracey/amosfuzz/amos/amos.go:404.2,404.15 1 1
github.com/btracey/amosfuzz/amos/amos.go:409.2,409.18 1 1
github.com/btracey/amosfuzz/amos/amos.go:412.2,415.15 4 1
github.com/btracey/amosfuzz/amos/amos.go:419.1,422.16 2 1
github.com/btracey/amosfuzz/amos/amos.go:425.2,426.12 2 1
github.com/btracey/amosfuzz/amos/amos.go:429.2,430.16 2 1
github.com/btracey/amosfuzz/amos/amos.go:432.1,433.15 1 0
github.com/btracey/amosfuzz/amos/amos.go:438.2,438.15 1 1
github.com/btracey/amosfuzz/amos/amos.go:441.2,444.18 4 1
github.com/btracey/amosfuzz/amos/amos.go:447.1,453.16 4 1
github.com/btracey/amosfuzz/amos/amos.go:456.2,456.13 1 1
github.com/btracey/amosfuzz/amos/amos.go:459.2,469.13 9 1
github.com/btracey/amosfuzz/amos/amos.go:472.2,489.13 16 1
github.com/btracey/amosfuzz/amos/amos.go:492.2,492.14 1 1
github.com/btracey/amosfuzz/amos/amos.go:495.2,505.14 9 0
github.com/btracey/amosfuzz/amos/amos.go:508.2,524.16 13 0
github.com/btracey/amosfuzz/amos/amos.go:527.2,533.8 6 0
github.com/btracey/amosfuzz/amos/amos.go:213.22,215.3 1 0
github.com/btracey/amosfuzz/amos/amos.go:216.26,218.3 1 0
github.com/btracey/amosfuzz/amos/amos.go:219.15,221.3 1 0
github.com/btracey/amosfuzz/amos/amos.go:225.16,226.15 1 1
github.com/btracey/amosfuzz/amos/amos.go:234.14,235.18 1 1
github.com/btracey/amosfuzz/amos/amos.go:238.17,239.14 1 0
github.com/btracey/amosfuzz/amos/amos.go:260.26,275.20 15 1
github.com/btracey/amosfuzz/amos/amos.go:278.3,279.19 2 1
github.com/btracey/amosfuzz/amos/amos.go:275.20,276.15 1 1
github.com/btracey/amosfuzz/amos/amos.go:282.13,283.13 1 1
github.com/btracey/amosfuzz/amos/amos.go:287.15,289.3 1 1
github.com/btracey/amosfuzz/amos/amos.go:306.15,307.13 1 0
github.com/btracey/amosfuzz/amos/amos.go:316.15,318.3 1 1
github.com/btracey/amosfuzz/amos/amos.go:365.13,366.16 1 0
github.com/btracey/amosfuzz/amos/amos.go:369.13,371.3 1 0
github.com/btracey/amosfuzz/amos/amos.go:382.17,383.14 1 1
github.com/btracey/amosfuzz/amos/amos.go:391.17,392.14 1 1
github.com/btracey/amosfuzz/amos/amos.go:394.16,395.14 1 1
github.com/btracey/amosfuzz/amos/amos.go:401.31,402.14 1 1
github.com/btracey/amosfuzz/amos/amos.go:404.15,405.18 1 1
github.com/btracey/amosfuzz/amos/amos.go:409.18,410.18 1 1
github.com/btracey/amosfuzz/amos/amos.go:415.15,416.18 1 1
github.com/btracey/amosfuzz/amos/amos.go:422.16,424.3 1 1
github.com/btracey/amosfuzz/amos/amos.go:426.12,427.17 1 1
github.com/btracey/amosfuzz/amos/amos.go:433.15,434.17 1 1
github.com/btracey/amosfuzz/amos/amos.go:438.15,439.17 1 1
github.com/btracey/amosfuzz/amos/amos.go:444.18,445.14 1 0
github.com/btracey/amosfuzz/amos/amos.go:453.16,454.16 1 1
github.com/btracey/amosfuzz/amos/amos.go:456.13,457.17 1 1
github.com/btracey/amosfuzz/amos/amos.go:469.13,470.16 1 1
github.com/btracey/amosfuzz/amos/amos.go:489.13,490.17 1 1
github.com/btracey/amosfuzz/amos/amos.go:492.14,493.17 1 1
github.com/btracey/amosfuzz/amos/amos.go:505.14,506.18 1 1
github.com/btracey/amosfuzz/amos/amos.go:524.16,525.18 1 1
github.com/btracey/amosfuzz/amos/amos.go:537.216,603.24 42 1
github.com/btracey/amosfuzz/amos/amos.go:606.2,607.21 2 1
github.com/btracey/amosfuzz/amos/amos.go:610.2,610.14 1 1
github.com/btracey/amosfuzz/amos/amos.go:615.2,622.18 8 1
github.com/btracey/amosfuzz/amos/amos.go:625.2,635.23 8 1
github.com/btracey/amosfuzz/amos/amos.go:640.2,642.25 3 1
github.com/btracey/amosfuzz/amos/amos.go:650.1,652.12 2 0
github.com/btracey/amosfuzz/amos/amos.go:653.1,678.22 24 0
github.com/btracey/amosfuzz/amos/amos.go:683.2,683.15 1 1
github.com/btracey/amosfuzz/amos/amos.go:686.2,710.14 24 1
github.com/btracey/amosfuzz/amos/amos.go:713.1,716.16 3 1
github.com/btracey/amosfuzz/amos/amos.go:719.2,729.15 8 1
github.com/btracey/amosfuzz/amos/amos.go:732.2,760.14 28 1
github.com/btracey/amosfuzz/amos/amos.go:763.1,767.15 4 1
github.com/btracey/amosfuzz/amos/amos.go:770.2,778.16 9 1
github.com/btracey/amosfuzz/amos/amos.go:781.2,790.13 10 1
github.com/btracey/amosfuzz/amos/amos.go:795.1,803.16 8 0
github.com/btracey/amosfuzz/amos/amos.go:806.2,806.15 1 1
github.com/btracey/amosfuzz/amos/amos.go:810.2,817.24 7 1
github.com/btracey/amosfuzz/amos/amos.go:821.2,823.18 3 1
github.com/btracey/amosfuzz/amos/amos.go:826.2,827.19 2 1
github.com/btracey/amosfuzz/amos/amos.go:835.2,840.17 6 1
github.com/btracey/amosfuzz/amos/amos.go:843.2,844.16 2 1
github.com/btracey/amosfuzz/amos/amos.go:845.1,849.14 3 0
github.com/btracey/amosfuzz/amos/amos.go:853.2,855.19 3 1
github.com/btracey/amosfuzz/amos/amos.go:858.2,862.28 5 1
github.com/btracey/amosfuzz/amos/amos.go:877.2,877.15 1 0
github.com/btracey/amosfuzz/amos/amos.go:878.1,881.16 3 0
github.com/btracey/amosfuzz/amos/amos.go:882.1,901.25 16 0
github.com/btracey/amosfuzz/amos/amos.go:919.2,931.22 13 1
github.com/btracey/amosfuzz/amos/amos.go:934.2,936.16 3 1
github.com/btracey/amosfuzz/amos/amos.go:939.2,939.16 1 1
github.com/btracey/amosfuzz/amos/amos.go:940.1,967.12 22 0
github.com/btracey/amosfuzz/amos/amos.go:970.2,970.13 1 1
github.com/btracey/amosfuzz/amos/amos.go:973.2,973.11 1 1
github.com/btracey/amosfuzz/amos/amos.go:976.2,981.16 5 1
github.com/btracey/amosfuzz/amos/amos.go:984.2,984.16 1 1
github.com/btracey/amosfuzz/amos/amos.go:985.1,987.16 2 0
github.com/btracey/amosfuzz/amos/amos.go:990.1,993.30 3 1
github.com/btracey/amosfuzz/amos/amos.go:1026.2,1026.12 1 1
github.com/btracey/amosfuzz/amos/amos.go:1029.2,1035.12 6 1
github.com/btracey/amosfuzz/amos/amos.go:1038.2,1040.12 3 1
github.com/btracey/amosfuzz/amos/amos.go:1043.2,1046.12 3 1
github.com/btracey/amosfuzz/amos/amos.go:1049.2,1051.26 3 1
github.com/btracey/amosfuzz/amos/amos.go:1086.2,1098.27 10 1
github.com/btracey/amosfuzz/amos/amos.go:1143.2,1143.12 1 1
github.com/btracey/amosfuzz/amos/amos.go:1146.2,1148.17 3 1
github.com/btracey/amosfuzz/amos/amos.go:1149.1,1157.17 8 0
github.com/btracey/amosfuzz/amos/amos.go:1160.2,1160.12 1 1
github.com/btracey/amosfuzz/amos/amos.go:1163.2,1165.16 3 1
github.com/btracey/amosfuzz/amos/amos.go:1166.1,1169.12 3 0
github.com/btracey/amosfuzz/amos/amos.go:1172.2,1178.14 6 1
github.com/btracey/amosfuzz/amos/amos.go:1181.2,1186.14 6 1
github.com/btracey/amosfuzz/amos/amos.go:1189.2,1194.14 6 1
github.com/btracey/amosfuzz/amos/amos.go:1197.2,1201.15 5 1
github.com/btracey/amosfuzz/amos/amos.go:1202.1,1209.16 4 0
github.com/btracey/amosfuzz/amos/amos.go:1212.1,1217.13 5 0
github.com/btracey/amosfuzz/amos/amos.go:1219.1,1221.58 2 0
github.com/btracey/amosfuzz/amos/amos.go:603.24,604.14 1 0
github.com/btracey/amosfuzz/amos/amos.go:607.21,609.3 1 1
github.com/btracey/amosfuzz/amos/amos.go:610.14,611.14 1 1
github.com/btracey/amosfuzz/amos/amos.go:622.18,623.11 1 1
github.com/btracey/amosfuzz/amos/amos.go:635.23,636.14 1 1
github.com/btracey/amosfuzz/amos/amos.go:642.25,646.21 4 1
github.com/btracey/amosfuzz/amos/amos.go:646.21,647.15 1 1
github.com/btracey/amosfuzz/amos/amos.go:678.22,679.14 1 1
github.com/btracey/amosfuzz/amos/amos.go:683.15,684.15 1 1
github.com/btracey/amosfuzz/amos/amos.go:710.14,711.13 1 1
github.com/btracey/amosfuzz/amos/amos.go:716.16,718.3 1 1
github.com/btracey/amosfuzz/amos/amos.go:729.15,730.18 1 1
github.com/btracey/amosfuzz/amos/amos.go:760.14,761.14 1 1
github.com/btracey/amosfuzz/amos/amos.go:767.15,769.3 1 1
github.com/btracey/amosfuzz/amos/amos.go:778.16,779.14 1 1
github.com/btracey/amosfuzz/amos/amos.go:803.16,804.17 1 1
github.com/btracey/amosfuzz/amos/amos.go:806.15,807.17 1 1
github.com/btracey/amosfuzz/amos/amos.go:817.24,818.20 1 0
github.com/btracey/amosfuzz/amos/amos.go:823.18,824.20 1 0
github.com/btracey/amosfuzz/amos/amos.go:827.19,828.20 1 0
github.com/btracey/amosfuzz/amos/amos.go:840.17,841.17 1 1
github.com/btracey/amosfuzz/amos/amos.go:849.14,850.18 1 1
github.com/btracey/amosfuzz/amos/amos.go:855.19,856.17 1 0
github.com/btracey/amosfuzz/amos/amos.go:862.28,873.18 11 1
github.com/btracey/amosfuzz/amos/amos.go:873.18,874.17 1 1
github.com/btracey/amosfuzz/amos/amos.go:901.25,917.3 15 1
github.com/btracey/amosfuzz/amos/amos.go:931.22,932.18 1 1
github.com/btracey/amosfuzz/amos/amos.go:936.16,937.18 1 1
github.com/btracey/amosfuzz/amos/amos.go:967.12,969.3 1 1
github.com/btracey/amosfuzz/amos/amos.go:970.13,971.17 1 1
github.com/btracey/amosfuzz/amos/amos.go:973.11,974.18 1 1
github.com/btracey/amosfuzz/amos/amos.go:981.16,982.18 1 1
github.com/btracey/amosfuzz/amos/amos.go:987.16,988.19 1 1
github.com/btracey/amosfuzz/amos/amos.go:993.30,1002.17 9 1
github.com/btracey/amosfuzz/amos/amos.go:1005.3,1010.19 6 1
github.com/btracey/amosfuzz/amos/amos.go:1013.3,1024.20 12 1
github.com/btracey/amosfuzz/amos/amos.go:1002.17,1003.12 1 1
github.com/btracey/amosfuzz/amos/amos.go:1010.19,1011.12 1 1
github.com/btracey/amosfuzz/amos/amos.go:1026.12,1027.17 1 1
github.com/btracey/amosfuzz/amos/amos.go:1035.12,1037.3 1 1
github.com/btracey/amosfuzz/amos/amos.go:1040.12,1042.3 1 1
github.com/btracey/amosfuzz/amos/amos.go:1046.12,1048.3 1 0
github.com/btracey/amosfuzz/amos/amos.go:1051.26,1064.17 13 1
github.com/btracey/amosfuzz/amos/amos.go:1067.3,1070.19 4 1
github.com/btracey/amosfuzz/amos/amos.go:1073.3,1084.20 12 1
github.com/btracey/amosfuzz/amos/amos.go:1064.17,1065.12 1 1
github.com/btracey/amosfuzz/amos/amos.go:1070.19,1071.12 1 1
github.com/btracey/amosfuzz/amos/amos.go:1098.27,1110.20 12 1
github.com/btracey/amosfuzz/amos/amos.go:1113.3,1122.14 10 1
github.com/btracey/amosfuzz/amos/amos.go:1125.3,1128.20 4 1
github.com/btracey/amosfuzz/amos/amos.go:1131.3,1132.11 2 1
github.com/btracey/amosfuzz/amos/amos.go:1133.2,1134.19 1 0
github.com/btracey/amosfuzz/amos/amos.go:1137.3,1141.20 5 1
github.com/btracey/amosfuzz/amos/amos.go:1110.20,1111.22 1 1
github.com/btracey/amosfuzz/amos/amos.go:1122.14,1123.22 1 0
github.com/btracey/amosfuzz/amos/amos.go:1128.20,1129.21 1 1
github.com/btracey/amosfuzz/amos/amos.go:1134.19,1135.12 1 1
github.com/btracey/amosfuzz/amos/amos.go:1143.12,1144.18 1 1
github.com/btracey/amosfuzz/amos/amos.go:1157.17,1158.21 1 1
github.com/btracey/amosfuzz/amos/amos.go:1160.12,1161.17 1 1
github.com/btracey/amosfuzz/amos/amos.go:1169.12,1170.17 1 1
github.com/btracey/amosfuzz/amos/amos.go:1178.14,1180.3 1 1
github.com/btracey/amosfuzz/amos/amos.go:1186.14,1188.3 1 1
github.com/btracey/amosfuzz/amos/amos.go:1194.14,1196.3 1 1
github.com/btracey/amosfuzz/amos/amos.go:1228.130,1241.26 10 1
github.com/btracey/amosfuzz/amos/amos.go:1272.2,1272.12 1 1
github.com/btracey/amosfuzz/amos/amos.go:1275.2,1275.12 1 1
github.com/btracey/amosfuzz/amos/amos.go:1278.2,1282.12 4 1
github.com/btracey/amosfuzz/amos/amos.go:1285.2,1285.13 1 1
github.com/btracey/amosfuzz/amos/amos.go:1288.2,1303.25 13 1
github.com/btracey/amosfuzz/amos/amos.go:1352.2,1353.13 2 1
github.com/btracey/amosfuzz/amos/amos.go:1356.2,1356.17 1 1
github.com/btracey/amosfuzz/amos/amos.go:1357.1,1360.26 2 0
github.com/btracey/amosfuzz/amos/amos.go:1364.2,1364.65 1 1
github.com/btracey/amosfuzz/amos/amos.go:1241.26,1251.20 10 1
github.com/btracey/amosfuzz/amos/amos.go:1255.3,1264.14 10 1
github.com/btracey/amosfuzz/amos/amos.go:1267.3,1270.14 4 1
github.com/btracey/amosfuzz/amos/amos.go:1251.20,1252.12 1 1
github.com/btracey/amosfuzz/amos/amos.go:1264.14,1265.12 1 1
github.com/btracey/amosfuzz/amos/amos.go:1272.12,1274.3 1 1
github.com/btracey/amosfuzz/amos/amos.go:1275.12,1276.14 1 1
github.com/btracey/amosfuzz/amos/amos.go:1282.12,1284.3 1 1
github.com/btracey/amosfuzz/amos/amos.go:1285.13,1287.3 1 1
github.com/btracey/amosfuzz/amos/amos.go:1303.25,1319.20 16 1
github.com/btracey/amosfuzz/amos/amos.go:1322.3,1331.14 10 1
github.com/btracey/amosfuzz/amos/amos.go:1334.3,1337.17 4 1
github.com/btracey/amosfuzz/amos/amos.go:1340.3,1341.11 2 1
github.com/btracey/amosfuzz/amos/amos.go:1342.2,1343.19 1 0
github.com/btracey/amosfuzz/amos/amos.go:1346.3,1350.20 5 1
github.com/btracey/amosfuzz/amos/amos.go:1319.20,1320.19 1 1
github.com/btracey/amosfuzz/amos/amos.go:1331.14,1332.19 1 1
github.com/btracey/amosfuzz/amos/amos.go:1337.17,1338.15 1 1
github.com/btracey/amosfuzz/amos/amos.go:1343.19,1344.12 1 1
github.com/btracey/amosfuzz/amos/amos.go:1353.13,1355.3 1 1
github.com/btracey/amosfuzz/amos/amos.go:1360.26,1363.3 2 1
github.com/btracey/amosfuzz/amos/amos.go:1370.111,1385.2 1 1
github.com/btracey/amosfuzz/amos/amos.go:1394.116,1400.16 6 1
github.com/btracey/amosfuzz/amos/amos.go:1403.2,1405.13 3 1
github.com/btracey/amosfuzz/amos/amos.go:1408.2,1408.31 1 1
github.com/btracey/amosfuzz/amos/amos.go:1400.16,1402.3 1 1
github.com/btracey/amosfuzz/amos/amos.go:1405.13,1407.3 1 1
github.com/btracey/amosfuzz/amos/amos.go:1422.134,1438.17 12 1
github.com/btracey/amosfuzz/amos/amos.go:1441.2,1441.29 1 1
github.com/btracey/amosfuzz/amos/amos.go:1444.1,1447.13 2 1
github.com/btracey/amosfuzz/amos/amos.go:1448.1,1449.13 1 0
github.com/btracey/amosfuzz/amos/amos.go:1453.2,1454.12 2 1
github.com/btracey/amosfuzz/amos/amos.go:1457.2,1457.13 1 1
github.com/btracey/amosfuzz/amos/amos.go:1458.1,1461.12 2 0
github.com/btracey/amosfuzz/amos/amos.go:1464.1,1467.13 2 1
github.com/btracey/amosfuzz/amos/amos.go:1470.2,1474.15 5 1
github.com/btracey/amosfuzz/amos/amos.go:1477.2,1487.16 8 1
github.com/btracey/amosfuzz/amos/amos.go:1490.2,1497.15 7 1
github.com/btracey/amosfuzz/amos/amos.go:1500.2,1510.16 9 1
github.com/btracey/amosfuzz/amos/amos.go:1513.2,1513.66 1 1
github.com/btracey/amosfuzz/amos/amos.go:1438.17,1439.11 1 1
github.com/btracey/amosfuzz/amos/amos.go:1441.29,1442.14 1 1
github.com/btracey/amosfuzz/amos/amos.go:1449.13,1450.14 1 1
github.com/btracey/amosfuzz/amos/amos.go:1454.12,1455.14 1 1
github.com/btracey/amosfuzz/amos/amos.go:1461.12,1462.14 1 1
github.com/btracey/amosfuzz/amos/amos.go:1467.13,1468.14 1 1
github.com/btracey/amosfuzz/amos/amos.go:1474.15,1475.13 1 1
github.com/btracey/amosfuzz/amos/amos.go:1487.16,1488.13 1 1
github.com/btracey/amosfuzz/amos/amos.go:1497.15,1498.15 1 1
github.com/btracey/amosfuzz/amos/amos.go:1510.16,1512.3 1 1
github.com/btracey/amosfuzz/amos/amos.go:1521.127,1556.15 26 1
github.com/btracey/amosfuzz/amos/amos.go:1559.2,1562.22 3 1
github.com/btracey/amosfuzz/amos/amos.go:1565.2,1567.35 3 1
github.com/btracey/amosfuzz/amos/amos.go:1570.2,1579.17 9 1
github.com/btracey/amosfuzz/amos/amos.go:1582.2,1593.17 8 1
github.com/btracey/amosfuzz/amos/amos.go:1599.2,1604.16 6 1
github.com/btracey/amosfuzz/amos/amos.go:1607.2,1609.16 3 1
github.com/btracey/amosfuzz/amos/amos.go:1612.2,1615.26 3 1
github.com/btracey/amosfuzz/amos/amos.go:1681.2,1681.12 1 1
github.com/btracey/amosfuzz/amos/amos.go:1684.2,1692.27 9 1
github.com/btracey/amosfuzz/amos/amos.go:1698.2,1698.16 1 1
github.com/btracey/amosfuzz/amos/amos.go:1701.2,1704.26 4 1
github.com/btracey/amosfuzz/amos/amos.go:1709.2,1715.62 5 1
github.com/btracey/amosfuzz/amos/amos.go:1556.15,1557.11 1 1
github.com/btracey/amosfuzz/amos/amos.go:1562.22,1563.18 1 1
github.com/btracey/amosfuzz/amos/amos.go:1567.35,1568.14 1 1
github.com/btracey/amosfuzz/amos/amos.go:1579.17,1581.3 1 1
github.com/btracey/amosfuzz/amos/amos.go:1593.17,1594.14 1 1
github.com/btracey/amosfuzz/amos/amos.go:1604.16,1606.3 1 1
github.com/btracey/amosfuzz/amos/amos.go:1609.16,1610.14 1 1
github.com/btracey/amosfuzz/amos/amos.go:1615.26,1632.27 15 1
github.com/btracey/amosfuzz/amos/amos.go:1653.3,1653.14 1 1
github.com/btracey/amosfuzz/amos/amos.go:1654.2,1657.20 3 0
github.com/btracey/amosfuzz/amos/amos.go:1660.3,1679.30 19 1
github.com/btracey/amosfuzz/amos/amos.go:1632.27,1649.18 17 1
github.com/btracey/amosfuzz/amos/amos.go:1649.18,1650.15 1 1
github.com/btracey/amosfuzz/amos/amos.go:1657.20,1658.14 1 1
github.com/btracey/amosfuzz/amos/amos.go:1681.12,1683.3 1 1
github.com/btracey/amosfuzz/amos/amos.go:1692.27,1697.3 4 1
github.com/btracey/amosfuzz/amos/amos.go:1698.16,1700.3 1 1
github.com/btracey/amosfuzz/amos/amos.go:1704.26,1708.3 3 1
github.com/btracey/amosfuzz/amos/amos.go:1721.102,1760.26 32 1
github.com/btracey/amosfuzz/amos/amos.go:1775.2,1775.13 1 1
github.com/btracey/amosfuzz/amos/amos.go:1776.1,1779.15 3 0
github.com/btracey/amosfuzz/amos/amos.go:1783.2,1795.26 13 1
github.com/btracey/amosfuzz/amos/amos.go:1818.2,1818.13 1 0
github.com/btracey/amosfuzz/amos/amos.go:1819.1,1837.26 15 0
github.com/btracey/amosfuzz/amos/amos.go:1851.2,1853.12 3 1
github.com/btracey/amosfuzz/amos/amos.go:1856.2,1856.25 1 1
github.com/btracey/amosfuzz/amos/amos.go:1873.1,1874.15 1 1
github.com/btracey/amosfuzz/amos/amos.go:1877.2,1877.28 1 1
github.com/btracey/amosfuzz/amos/amos.go:1891.1,1894.15 3 1
github.com/btracey/amosfuzz/amos/amos.go:1897.2,1922.25 23 1
github.com/btracey/amosfuzz/amos/amos.go:1927.2,1930.46 3 1
github.com/btracey/amosfuzz/amos/amos.go:1760.26,1770.21 10 1
github.com/btracey/amosfuzz/amos/amos.go:1773.3,1773.18 1 1
github.com/btracey/amosfuzz/amos/amos.go:1770.21,1771.15 1 1
github.com/btracey/amosfuzz/amos/amos.go:1779.15,1780.14 1 1
github.com/btracey/amosfuzz/amos/amos.go:1795.26,1805.15 10 1
github.com/btracey/amosfuzz/amos/amos.go:1808.3,1808.17 1 1
github.com/btracey/amosfuzz/amos/amos.go:1811.3,1816.12 6 1
github.com/btracey/amosfuzz/amos/amos.go:1805.15,1806.12 1 1
github.com/btracey/amosfuzz/amos/amos.go:1808.17,1809.15 1 1
github.com/btracey/amosfuzz/amos/amos.go:1837.26,1850.3 12 1
github.com/btracey/amosfuzz/amos/amos.go:1853.12,1854.15 1 1
github.com/btracey/amosfuzz/amos/amos.go:1856.25,1872.3 15 1
github.com/btracey/amosfuzz/amos/amos.go:1874.15,1875.14 1 1
github.com/btracey/amosfuzz/amos/amos.go:1877.28,1890.3 12 1
github.com/btracey/amosfuzz/amos/amos.go:1894.15,1896.3 1 1
github.com/btracey/amosfuzz/amos/amos.go:1922.25,1926.3 3 1
github.com/btracey/amosfuzz/amos/amos.go:1941.120,1953.17 8 1
github.com/btracey/amosfuzz/amos/amos.go:1962.2,1966.14 5 1
github.com/btracey/amosfuzz/amos/amos.go:1969.2,1973.16 5 1
github.com/btracey/amosfuzz/amos/amos.go:1976.2,1994.15 15 1
github.com/btracey/amosfuzz/amos/amos.go:1997.2,1997.20 1 1
github.com/btracey/amosfuzz/amos/amos.go:2000.1,2004.16 4 1
github.com/btracey/amosfuzz/amos/amos.go:2007.2,2008.13 2 1
github.com/btracey/amosfuzz/amos/amos.go:2011.2,2011.13 1 1
github.com/btracey/amosfuzz/amos/amos.go:2012.1,2013.20 1 0
github.com/btracey/amosfuzz/amos/amos.go:2016.2,2022.16 6 1
github.com/btracey/amosfuzz/amos/amos.go:2025.2,2029.26 5 1
github.com/btracey/amosfuzz/amos/amos.go:2081.2,2081.13 1 1
github.com/btracey/amosfuzz/amos/amos.go:2084.2,2091.16 8 1
github.com/btracey/amosfuzz/amos/amos.go:2094.2,2096.27 2 1
github.com/btracey/amosfuzz/amos/amos.go:2102.2,2112.26 6 1
github.com/btracey/amosfuzz/amos/amos.go:2130.2,2133.13 3 0
github.com/btracey/amosfuzz/amos/amos.go:2136.2,2136.17 1 1
github.com/btracey/amosfuzz/amos/amos.go:2137.1,2139.18 2 0
github.com/btracey/amosfuzz/amos/amos.go:2142.1,2145.18 3 0
github.com/btracey/amosfuzz/amos/amos.go:2148.2,2151.12 3 1
github.com/btracey/amosfuzz/amos/amos.go:2154.2,2154.25 1 1
github.com/btracey/amosfuzz/amos/amos.go:2158.2,2165.58 3 1
github.com/btracey/amosfuzz/amos/amos.go:1953.17,1954.16 1 1
github.com/btracey/amosfuzz/amos/amos.go:1966.14,1967.16 1 0
github.com/btracey/amosfuzz/amos/amos.go:1973.16,1974.11 1 0
github.com/btracey/amosfuzz/amos/amos.go:1994.15,1996.3 1 1
github.com/btracey/amosfuzz/amos/amos.go:1997.20,1998.14 1 1
github.com/btracey/amosfuzz/amos/amos.go:2004.16,2005.17 1 1
github.com/btracey/amosfuzz/amos/amos.go:2008.13,2010.3 1 1
github.com/btracey/amosfuzz/amos/amos.go:2013.20,2014.13 1 1
github.com/btracey/amosfuzz/amos/amos.go:2022.16,2024.3 1 1
github.com/btracey/amosfuzz/amos/amos.go:2029.26,2034.21 5 1
github.com/btracey/amosfuzz/amos/amos.go:2037.3,2053.16 16 1
github.com/btracey/amosfuzz/amos/amos.go:2056.2,2061.17 5 1
github.com/btracey/amosfuzz/amos/amos.go:2064.3,2065.14 2 1
github.com/btracey/amosfuzz/amos/amos.go:2068.2,2072.14 4 1
github.com/btracey/amosfuzz/amos/amos.go:2075.3,2079.21 5 1
github.com/btracey/amosfuzz/amos/amos.go:2034.21,2035.16 1 0
github.com/btracey/amosfuzz/amos/amos.go:2053.16,2054.14 1 1
github.com/btracey/amosfuzz/amos/amos.go:2061.17,2062.15 1 1
github.com/btracey/amosfuzz/amos/amos.go:2065.14,2066.15 1 0
github.com/btracey/amosfuzz/amos/amos.go:2072.14,2073.12 1 1
github.com/btracey/amosfuzz/amos/amos.go:2081.13,2083.3 1 1
github.com/btracey/amosfuzz/amos/amos.go:2091.16,2092.17 1 1
github.com/btracey/amosfuzz/amos/amos.go:2096.27,2101.3 4 1
github.com/btracey/amosfuzz/amos/amos.go:2112.26,2126.38 14 1
github.com/btracey/amosfuzz/amos/amos.go:2126.38,2127.18 1 1
github.com/btracey/amosfuzz/amos/amos.go:2133.13,2135.3 1 1
github.com/btracey/amosfuzz/amos/amos.go:2139.18,2141.3 1 0
github.com/btracey/amosfuzz/amos/amos.go:2145.18,2146.18 1 1
github.com/btracey/amosfuzz/amos/amos.go:2151.12,2153.3 1 1
github.com/btracey/amosfuzz/amos/amos.go:2154.25,2157.3 2 1
github.com/btracey/amosfuzz/amos/amos.go:2176.108,2185.34 8 1
github.com/btracey/amosfuzz/amos/amos.go:2188.2,2188.18 1 1
github.com/btracey/amosfuzz/amos/amos.go:2191.2,2197.19 7 1
github.com/btracey/amosfuzz/amos/amos.go:2200.2,2213.16 12 1
github.com/btracey/amosfuzz/amos/amos.go:2216.2,2222.59 7 1
github.com/btracey/amosfuzz/amos/amos.go:2185.34,2186.11 1 1
github.com/btracey/amosfuzz/amos/amos.go:2188.18,2189.11 1 0
github.com/btracey/amosfuzz/amos/amos.go:2197.19,2198.11 1 1
github.com/btracey/amosfuzz/amos/amos.go:2213.16,2215.3 1 1
github.com/btracey/amosfuzz/amos/amos.go:2225.33,2228.2 2 1
github.com/btracey/amosfuzz/amos/amos.go:2230.33,2233.2 2 1
github.com/btracey/amosfuzz/amos/amos.go:2235.30,2238.2 2 1
github.com/btracey/amosfuzz/amos/amos.go:2240.31,2243.2 2 1
github.com/btracey/amosfuzz/amos/amos.go:2245.30,2248.2 2 0
github.com/btracey/amosfuzz/amos/amos.go:2250.30,2253.2 2 1
github.com/btracey/amosfuzz/amos/amos.go:2255.30,2258.2 2 1
github.com/btracey/amosfuzz/amos/amos.go:2260.30,2263.2 2 1
github.com/btracey/amosfuzz/amos/amos.go:2265.30,2268.2 2 1
github.com/btracey/amosfuzz/amos/amos.go:2270.31,2273.2 2 1
github.com/btracey/amosfuzz/amos/amos.go:2275.39,2277.2 1 1
github.com/btracey/amosfuzz/amos/amos.go:2279.39,2281.2 1 1
github.com/btracey/amosfuzz/amos/amos.go:2283.33,2285.2 1 1
github.com/btracey/amosfuzz/amos/amos.go:2287.37,2289.2 1 1
github.com/btracey/amosfuzz/amos/amos.go:2291.36,2293.2 1 1
github.com/btracey/amosfuzz/amos/amos.go:2295.36,2297.2 1 1
github.com/btracey/amosfuzz/amos/amos.go:2299.42,2311.2 1 1
